#! /usr/bin/vvp
:ivl_version "12.0 (stable)";
:ivl_delay_selection "TYPICAL";
:vpi_time_precision + 0;
:vpi_module "/usr/lib64/ivl/system.vpi";
:vpi_module "/usr/lib64/ivl/vhdl_sys.vpi";
:vpi_module "/usr/lib64/ivl/vhdl_textio.vpi";
:vpi_module "/usr/lib64/ivl/v2005_math.vpi";
:vpi_module "/usr/lib64/ivl/va_math.vpi";
S_0x5581d020c510 .scope module, "dataMemory" "dataMemory" 2 3;
 .timescale 0 0;
    .port_info 0 /INPUT 1 "clk";
    .port_info 1 /INPUT 1 "rst";
    .port_info 2 /INPUT 1 "writeEnable";
    .port_info 3 /INPUT 32 "address";
    .port_info 4 /INPUT 32 "dataWrite";
    .port_info 5 /OUTPUT 32 "dataOutput";
L_0x5581d0257910 .functor BUFZ 32, L_0x5581d0257820, C4<00000000000000000000000000000000>, C4<00000000000000000000000000000000>, C4<00000000000000000000000000000000>;
v0x5581d020c760_0 .net *"_ivl_0", 31 0, L_0x5581d0257820;  1 drivers
o0x7fdaf59e2048 .functor BUFZ 32, C4<zzzzzzzzzzzzzzzzzzzzzzzzzzzzzzzz>; HiZ drive
v0x5581d02570b0_0 .net "address", 31 0, o0x7fdaf59e2048;  0 drivers
o0x7fdaf59e2078 .functor BUFZ 1, C4<z>; HiZ drive
v0x5581d0257190_0 .net "clk", 0 0, o0x7fdaf59e2078;  0 drivers
v0x5581d0257230 .array "data", 0 1023, 31 0;
v0x5581d02572f0_0 .net "dataOutput", 31 0, L_0x5581d0257910;  1 drivers
o0x7fdaf59e20d8 .functor BUFZ 32, C4<zzzzzzzzzzzzzzzzzzzzzzzzzzzzzzzz>; HiZ drive
v0x5581d0257420_0 .net "dataWrite", 31 0, o0x7fdaf59e20d8;  0 drivers
v0x5581d0257500_0 .var/i "i", 31 0;
o0x7fdaf59e2138 .functor BUFZ 1, C4<z>; HiZ drive
v0x5581d02575e0_0 .net "rst", 0 0, o0x7fdaf59e2138;  0 drivers
o0x7fdaf59e2168 .functor BUFZ 1, C4<z>; HiZ drive
v0x5581d02576a0_0 .net "writeEnable", 0 0, o0x7fdaf59e2168;  0 drivers
E_0x5581d02459f0 .event posedge, v0x5581d02575e0_0, v0x5581d0257190_0;
L_0x5581d0257820 .array/port v0x5581d0257230, o0x7fdaf59e2048;
    .scope S_0x5581d020c510;
T_0 ;
    %wait E_0x5581d02459f0;
    %load/vec4 v0x5581d02575e0_0;
    %flag_set/vec4 8;
    %jmp/0xz  T_0.0, 8;
    %pushi/vec4 1, 0, 32;
    %store/vec4 v0x5581d0257500_0, 0, 32;
T_0.2 ;
    %load/vec4 v0x5581d0257500_0;
    %cmpi/s 1024, 0, 32;
    %jmp/0xz T_0.3, 5;
    %pushi/vec4 0, 0, 32;
    %ix/getv/s 3, v0x5581d0257500_0;
    %ix/load 4, 0, 0; Constant delay
    %assign/vec4/a/d v0x5581d0257230, 0, 4;
    ; show_stmt_assign_vector: Get l-value for compressed += operand
    %load/vec4 v0x5581d0257500_0;
    %pushi/vec4 1, 0, 32;
    %add;
    %store/vec4 v0x5581d0257500_0, 0, 32;
    %jmp T_0.2;
T_0.3 ;
    %pushi/vec4 2349465632, 0, 32;
    %ix/load 3, 0, 0;
    %flag_set/imm 4, 0;
    %ix/load 4, 0, 0; Constant delay
    %assign/vec4/a/d v0x5581d0257230, 0, 4;
    %pushi/vec4 1431655765, 0, 32;
    %ix/load 3, 32, 0;
    %flag_set/imm 4, 0;
    %ix/load 4, 0, 0; Constant delay
    %assign/vec4/a/d v0x5581d0257230, 0, 4;
    %jmp T_0.1;
T_0.0 ;
    %load/vec4 v0x5581d02576a0_0;
    %flag_set/vec4 8;
    %jmp/0xz  T_0.4, 8;
    %load/vec4 v0x5581d0257420_0;
    %ix/getv 3, v0x5581d02570b0_0;
    %ix/load 4, 0, 0; Constant delay
    %assign/vec4/a/d v0x5581d0257230, 0, 4;
T_0.4 ;
T_0.1 ;
    %jmp T_0;
    .thread T_0;
# The file index is used to find the file name in the following table.
:file_names 3;
    "N/A";
    "<interactive>";
    "Data-Memory/Data_Memory.v";
