#! /usr/bin/vvp
:ivl_version "12.0 (stable)";
:ivl_delay_selection "TYPICAL";
:vpi_time_precision + 0;
:vpi_module "/usr/lib64/ivl/system.vpi";
:vpi_module "/usr/lib64/ivl/vhdl_sys.vpi";
:vpi_module "/usr/lib64/ivl/vhdl_textio.vpi";
:vpi_module "/usr/lib64/ivl/v2005_math.vpi";
:vpi_module "/usr/lib64/ivl/va_math.vpi";
S_0x55a5ff65f550 .scope module, "programCounter" "programCounter" 2 1;
 .timescale 0 0;
    .port_info 0 /INPUT 1 "clk";
    .port_info 1 /INPUT 1 "rst";
    .port_info 2 /INPUT 32 "dataInput";
    .port_info 3 /OUTPUT 32 "dataOutput";
o0x7f19c28e4018 .functor BUFZ 1, C4<z>; HiZ drive
v0x55a5ff65f770_0 .net "clk", 0 0, o0x7f19c28e4018;  0 drivers
o0x7f19c28e4048 .functor BUFZ 32, C4<zzzzzzzzzzzzzzzzzzzzzzzzzzzzzzzz>; HiZ drive
v0x55a5ff6a67f0_0 .net "dataInput", 31 0, o0x7f19c28e4048;  0 drivers
v0x55a5ff6a68d0_0 .var "dataOutput", 31 0;
o0x7f19c28e40a8 .functor BUFZ 1, C4<z>; HiZ drive
v0x55a5ff6a69c0_0 .net "rst", 0 0, o0x7f19c28e40a8;  0 drivers
E_0x55a5ff65fee0 .event posedge, v0x55a5ff6a69c0_0, v0x55a5ff65f770_0;
    .scope S_0x55a5ff65f550;
T_0 ;
    %wait E_0x55a5ff65fee0;
    %load/vec4 v0x55a5ff6a69c0_0;
    %flag_set/vec4 8;
    %jmp/0xz  T_0.0, 8;
    %pushi/vec4 0, 0, 32;
    %assign/vec4 v0x55a5ff6a68d0_0, 0;
    %jmp T_0.1;
T_0.0 ;
    %load/vec4 v0x55a5ff6a67f0_0;
    %assign/vec4 v0x55a5ff6a68d0_0, 0;
T_0.1 ;
    %jmp T_0;
    .thread T_0;
# The file index is used to find the file name in the following table.
:file_names 3;
    "N/A";
    "<interactive>";
    "Program_Counter.v";
